<?xml version="1.0" encoding="UTF-8"?>
<!-- Generated by org.testng.reporters.JUnitXMLReporter -->
<testsuite hostname="DESKTOP-486PSI0" ignored="0" name="Default test" tests="5" failures="0" timestamp="25 Feb 2024 17:49:13 GMT" time="206.179" errors="0">
  <testcase name="Registe_User" time="73.808" classname="Test.A"/>
  <testcase name="Verify_Address_Details_In_Checkout_Page" time="35.505" classname="Test.A"/>
  <testcase name="Download_Invoice_After_Purchase_Order" time="39.967" classname="Test.A"/>
  <testcase name="Verify_Scroll_Up_Using_Arrow_Button_And_Scroll_Down_Functionality" time="45.595" classname="Test.A"/>
  <testcase name="Verify_Scroll_Up_Without_Arrow_Button_And_Scroll_Down_Functionality" time="11.244" classname="Test.A"/>
</testsuite> <!-- Default test -->
