<?xml version="1.0" encoding="UTF-8"?>
<testng-results skipped="0" failed="0" ignored="0" total="5" passed="5">
  <reporter-output>
  </reporter-output>
  <suite name="Default suite" duration-ms="206179" started-at="2024-02-25T17:45:47Z" finished-at="2024-02-25T17:49:13Z">
    <groups>
    </groups>
    <test name="Default test" duration-ms="206179" started-at="2024-02-25T17:45:47Z" finished-at="2024-02-25T17:49:13Z">
      <class name="Test.A">
        <test-method status="PASS" signature="Registe_User()[pri:1, instance:Test.A@1fdf1c5]" name="Registe_User" duration-ms="73808" started-at="2024-02-25T23:15:47Z" finished-at="2024-02-25T23:17:00Z">
          <reporter-output>
          </reporter-output>
        </test-method> <!-- Registe_User -->
        <test-method status="PASS" signature="Verify_Address_Details_In_Checkout_Page()[pri:23, instance:Test.A@1fdf1c5]" name="Verify_Address_Details_In_Checkout_Page" duration-ms="35505" started-at="2024-02-25T23:17:00Z" finished-at="2024-02-25T23:17:36Z">
          <reporter-output>
          </reporter-output>
        </test-method> <!-- Verify_Address_Details_In_Checkout_Page -->
        <test-method status="PASS" signature="Download_Invoice_After_Purchase_Order()[pri:24, instance:Test.A@1fdf1c5]" name="Download_Invoice_After_Purchase_Order" duration-ms="39967" started-at="2024-02-25T23:17:36Z" finished-at="2024-02-25T23:18:16Z">
          <reporter-output>
          </reporter-output>
        </test-method> <!-- Download_Invoice_After_Purchase_Order -->
        <test-method status="PASS" signature="Verify_Scroll_Up_Using_Arrow_Button_And_Scroll_Down_Functionality()[pri:25, instance:Test.A@1fdf1c5]" name="Verify_Scroll_Up_Using_Arrow_Button_And_Scroll_Down_Functionality" duration-ms="45595" started-at="2024-02-25T23:18:16Z" finished-at="2024-02-25T23:19:02Z">
          <reporter-output>
          </reporter-output>
        </test-method> <!-- Verify_Scroll_Up_Using_Arrow_Button_And_Scroll_Down_Functionality -->
        <test-method status="PASS" signature="Verify_Scroll_Up_Without_Arrow_Button_And_Scroll_Down_Functionality()[pri:26, instance:Test.A@1fdf1c5]" name="Verify_Scroll_Up_Without_Arrow_Button_And_Scroll_Down_Functionality" duration-ms="11244" started-at="2024-02-25T23:19:02Z" finished-at="2024-02-25T23:19:13Z">
          <reporter-output>
          </reporter-output>
        </test-method> <!-- Verify_Scroll_Up_Without_Arrow_Button_And_Scroll_Down_Functionality -->
      </class> <!-- Test.A -->
    </test> <!-- Default test -->
  </suite> <!-- Default suite -->
</testng-results>
